<?xml version='1.0' encoding='UTF-8'?>
<testsuite hostname="jose-ThinkPad-L440" name="AmilGameLog_in_Scala_Test_Spec" tests="3" errors="0" failures="0" skipped="0" time="0.011" timestamp="2020-05-12T16:37:16">
                     <properties>
      <property name="jline.esc.timeout" value="0"/><property name="jna.platform.library.path" value="/usr/lib/x86_64-linux-gnu:/lib/x86_64-linux-gnu:/lib64:/usr/lib:/lib:/usr/local/lib:/usr/lib32:/libx32:/lib32:/usr/libx32:/usr/lib/x86_64-linux-gnu/libfakeroot:/usr/local/cuda-10.2/targets/x86_64-linux/lib"/><property name="java.runtime.name" value="OpenJDK Runtime Environment"/><property name="sun.boot.library.path" value="/home/jose/.sdkman/candidates/java/8.0.232.fx-zulu/jre/lib/amd64"/><property name="java.vm.version" value="25.232-b18"/><property name="user.country.format" value="BR"/><property name="java.vm.vendor" value="Azul Systems, Inc."/><property name="java.vendor.url" value="http://www.azulsystems.com/"/><property name="path.separator" value=":"/><property name="jna.loaded" value="true"/><property name="java.vm.name" value="OpenJDK 64-Bit Server VM"/><property name="file.encoding.pkg" value="sun.io"/><property name="user.country" value="US"/><property name="sun.java.launcher" value="SUN_STANDARD"/><property name="sun.os.patch.level" value="unknown"/><property name="jna.nosys" value="true"/><property name="java.vm.specification.name" value="Java Virtual Machine Specification"/><property name="user.dir" value="/home/jose/github_projs/pre-dojo"/><property name="java.runtime.version" value="1.8.0_232-b18"/><property name="java.awt.graphicsenv" value="sun.awt.X11GraphicsEnvironment"/><property name="java.endorsed.dirs" value="/home/jose/.sdkman/candidates/java/8.0.232.fx-zulu/jre/lib/endorsed"/><property name="os.arch" value="amd64"/><property name="java.io.tmpdir" value="/tmp"/><property name="line.separator" value="
"/><property name="java.vm.specification.vendor" value="Oracle Corporation"/><property name="log4j.ignoreTCL" value="true"/><property name="os.name" value="Linux"/><property name="sun.jnu.encoding" value="UTF-8"/><property name="jnidispatch.path" value="/home/jose/.cache/JNA/temp/jna1542632506905446358.tmp"/><property name="java.library.path" value="/opt/root/lib::/home/jose/hadoop-3.2.1/lib/native:/usr/java/packages/lib/amd64:/usr/lib64:/lib64:/lib:/usr/lib"/><property name="java.specification.name" value="Java Platform API Specification"/><property name="java.class.version" value="52.0"/><property name="sun.management.compiler" value="HotSpot 64-Bit Tiered Compilers"/><property name="os.version" value="5.3.0-51-generic"/><property name="swoval.tmpdir" value="/home/jose/.sbt/1.0"/><property name="user.home" value="/home/jose"/><property name="user.timezone" value="America/Sao_Paulo"/><property name="java.awt.printerjob" value="sun.print.PSPrinterJob"/><property name="file.encoding" value="UTF-8"/><property name="java.specification.version" value="1.8"/><property name="java.class.path" value="/home/jose/.sdkman/candidates/sbt/1.3.9/bin/sbt-launch.jar"/><property name="user.name" value="jose"/><property name="jline.shutdownhook" value="false"/><property name="java.vm.specification.version" value="1.8"/><property name="sun.java.command" value="/home/jose/.sdkman/candidates/sbt/1.3.9/bin/sbt-launch.jar clean compile test"/><property name="java.home" value="/home/jose/.sdkman/candidates/java/8.0.232.fx-zulu/jre"/><property name="sun.arch.data.model" value="64"/><property name="user.language" value="en"/><property name="java.specification.vendor" value="Oracle Corporation"/><property name="user.language.format" value="pt"/><property name="awt.toolkit" value="sun.awt.X11.XToolkit"/><property name="java.vm.info" value="mixed mode"/><property name="java.version" value="1.8.0_232"/><property name="java.ext.dirs" value="/home/jose/.sdkman/candidates/java/8.0.232.fx-zulu/jre/lib/ext:/usr/java/packages/lib/ext"/><property name="sun.boot.class.path" value="/home/jose/.sdkman/candidates/java/8.0.232.fx-zulu/jre/lib/resources.jar:/home/jose/.sdkman/candidates/java/8.0.232.fx-zulu/jre/lib/rt.jar:/home/jose/.sdkman/candidates/java/8.0.232.fx-zulu/jre/lib/sunrsasign.jar:/home/jose/.sdkman/candidates/java/8.0.232.fx-zulu/jre/lib/jsse.jar:/home/jose/.sdkman/candidates/java/8.0.232.fx-zulu/jre/lib/jce.jar:/home/jose/.sdkman/candidates/java/8.0.232.fx-zulu/jre/lib/charsets.jar:/home/jose/.sdkman/candidates/java/8.0.232.fx-zulu/jre/lib/jfr.jar:/home/jose/.sdkman/candidates/java/8.0.232.fx-zulu/jre/classes"/><property name="java.vendor" value="Azul Systems, Inc."/><property name="file.separator" value="/"/><property name="java.vendor.url.bug" value="http://www.azulsystems.com/support/"/><property name="sun.io.unicode.encoding" value="UnicodeLittle"/><property name="sun.cpu.endian" value="little"/><property name="sun.desktop" value="gnome"/><property name="sun.cpu.isalist" value=""/>
    </properties>
                     <testcase classname="AmilGameLog_in_Scala_Test_Spec" name="Testing AmilGameLog should valid path for log file" time="0.009">
                                                 
                                               </testcase><testcase classname="AmilGameLog_in_Scala_Test_Spec" name="Testing AmilGameLog should throw FileNotFoundException or NullPointerException if resource or file not found and show message in portuguese" time="0.001">
                                                 
                                               </testcase><testcase classname="AmilGameLog_in_Scala_Test_Spec" name="Testing AmilGameLog should throw Exception if file empty" time="0.001">
                                                 
                                               </testcase>
                     <system-out><![CDATA[]]></system-out>
                     <system-err><![CDATA[]]></system-err>
                   </testsuite>